[2021/03/25 04:24:44] - Started VLC app
[2021/03/25 04:24:45] - Started VLC audiostream: https://live.magicfm.ro:8443/magicfm.aacp
[2021/03/26 02:31:41] - Started VLC app
[2021/03/26 02:31:55] - Started VLC audiostream: https://live.magicfm.ro:8443/magicfm.aacp
[2021/03/26 02:34:32] - Started VLC app
[2021/03/26 02:34:33] - Started VLC audiostream: https://live.magicfm.ro:8443/magicfm.aacp
[2021/03/26 02:34:34] - Autostarter failed 4 times: 
[2021/03/26 02:34:35] - Started VLC audiostream: https://live.magicfm.ro:8443/magicfm.aacp
[2021/03/26 02:34:36] - Autostarter failed 4 times: 
[2021/03/26 02:34:37] - Started VLC audiostream: https://live.magicfm.ro:8443/magicfm.aacp
[2021/03/26 02:34:38] - Autostarter failed 4 times: 
[2021/03/26 02:34:39] - Started VLC audiostream: https://live.magicfm.ro:8443/magicfm.aacp
[2021/03/26 02:34:40] - Autostarter failed 4 times: 
[2021/03/26 02:34:41] - Started VLC audiostream: https://live.magicfm.ro:8443/magicfm.aacp
[2021/03/26 02:34:42] - Autostarter failed 4 times: 
[2021/03/26 02:34:43] - Started VLC audiostream: https://live.magicfm.ro:8443/magicfm.aacp
[2021/03/26 02:34:44] - Autostarter failed 4 times: 
[2021/03/26 02:34:45] - Started VLC audiostream: https://live.magicfm.ro:8443/magicfm.aacp
[2021/03/26 02:34:46] - Autostarter failed 4 times: 
[2021/03/26 02:34:47] - Started VLC audiostream: https://live.magicfm.ro:8443/magicfm.aacp
[2021/03/26 02:35:19] - Started VLC app
[2021/03/26 02:35:20] - Started VLC audiostream: https://live.magicfm.ro:8443/magicfm.aacp
[2021/03/26 02:35:21] - Autostarter failed 4 times: 
[2021/03/26 02:35:22] - Started VLC audiostream: https://live.magicfm.ro:8443/magicfm.aacp
[2021/03/26 02:35:23] - Autostarter failed 4 times: 
[2021/03/26 02:35:25] - Started VLC audiostream: https://live.magicfm.ro:8443/magicfm.aacp
[2021/03/26 02:35:26] - Autostarter failed 4 times: 
[2021/03/26 02:35:27] - Started VLC audiostream: https://live.magicfm.ro:8443/magicfm.aacp
[2021/03/26 02:35:28] - Autostarter failed 4 times: 
[2021/03/26 02:35:29] - Started VLC audiostream: https://live.magicfm.ro:8443/magicfm.aacp
[2021/03/26 02:40:37] - Started VLC app
[2021/03/26 02:40:39] - Started VLC audiostream: https://live.magicfm.ro:8443/magicfm.aacp
[2021/03/26 02:40:41] - Restarting VLC audiostream: 
[2021/03/26 02:40:41] - Restarted VLC audiostream: 1
[2021/03/26 02:47:14] - Started VLC app
[2021/03/26 02:47:15] - Started VLC audiostream: https://live.magicfm.ro:8443/magicfm.aacp
